mode: set
github.com/go-i2p/go-i2p-bt/rpc/methods.go:30.57,34.2 1 1
github.com/go-i2p/go-i2p-bt/rpc/methods.go:37.84,40.16 2 0
github.com/go-i2p/go-i2p-bt/rpc/methods.go:40.16,42.54 1 0
github.com/go-i2p/go-i2p-bt/rpc/methods.go:42.54,44.26 1 0
github.com/go-i2p/go-i2p-bt/rpc/methods.go:44.26,48.26 2 0
github.com/go-i2p/go-i2p-bt/rpc/methods.go:48.26,53.6 2 0
github.com/go-i2p/go-i2p-bt/rpc/methods.go:55.4,58.5 1 0
github.com/go-i2p/go-i2p-bt/rpc/methods.go:61.3,64.4 1 0
github.com/go-i2p/go-i2p-bt/rpc/methods.go:68.2,72.8 2 0
github.com/go-i2p/go-i2p-bt/rpc/methods.go:76.84,79.16 2 0
github.com/go-i2p/go-i2p-bt/rpc/methods.go:79.16,84.3 1 0
github.com/go-i2p/go-i2p-bt/rpc/methods.go:86.2,90.25 3 0
github.com/go-i2p/go-i2p-bt/rpc/methods.go:90.25,92.17 2 0
github.com/go-i2p/go-i2p-bt/rpc/methods.go:92.17,95.12 2 0
github.com/go-i2p/go-i2p-bt/rpc/methods.go:98.3,101.26 2 0
github.com/go-i2p/go-i2p-bt/rpc/methods.go:101.26,103.4 1 0
github.com/go-i2p/go-i2p-bt/rpc/methods.go:105.3,105.39 1 0
github.com/go-i2p/go-i2p-bt/rpc/methods.go:108.2,112.22 2 0
github.com/go-i2p/go-i2p-bt/rpc/methods.go:112.22,114.3 1 0
github.com/go-i2p/go-i2p-bt/rpc/methods.go:116.2,116.22 1 0
github.com/go-i2p/go-i2p-bt/rpc/methods.go:120.67,122.16 2 0
github.com/go-i2p/go-i2p-bt/rpc/methods.go:122.16,127.3 1 0
github.com/go-i2p/go-i2p-bt/rpc/methods.go:129.2,129.25 1 0
github.com/go-i2p/go-i2p-bt/rpc/methods.go:129.25,130.52 1 0
github.com/go-i2p/go-i2p-bt/rpc/methods.go:130.52,135.4 1 0
github.com/go-i2p/go-i2p-bt/rpc/methods.go:138.2,138.12 1 0
github.com/go-i2p/go-i2p-bt/rpc/methods.go:142.70,146.2 1 0
github.com/go-i2p/go-i2p-bt/rpc/methods.go:149.66,151.16 2 0
github.com/go-i2p/go-i2p-bt/rpc/methods.go:151.16,156.3 1 0
github.com/go-i2p/go-i2p-bt/rpc/methods.go:158.2,158.25 1 0
github.com/go-i2p/go-i2p-bt/rpc/methods.go:158.25,159.51 1 0
github.com/go-i2p/go-i2p-bt/rpc/methods.go:159.51,164.4 1 0
github.com/go-i2p/go-i2p-bt/rpc/methods.go:167.2,167.12 1 0
github.com/go-i2p/go-i2p-bt/rpc/methods.go:171.68,173.16 2 0
github.com/go-i2p/go-i2p-bt/rpc/methods.go:173.16,178.3 1 0
github.com/go-i2p/go-i2p-bt/rpc/methods.go:182.2,182.25 1 0
github.com/go-i2p/go-i2p-bt/rpc/methods.go:182.25,184.17 2 0
github.com/go-i2p/go-i2p-bt/rpc/methods.go:184.17,185.12 1 0
github.com/go-i2p/go-i2p-bt/rpc/methods.go:189.3,189.42 1 0
github.com/go-i2p/go-i2p-bt/rpc/methods.go:192.2,192.12 1 0
github.com/go-i2p/go-i2p-bt/rpc/methods.go:196.68,198.16 2 0
github.com/go-i2p/go-i2p-bt/rpc/methods.go:198.16,203.3 1 0
github.com/go-i2p/go-i2p-bt/rpc/methods.go:205.2,205.25 1 0
github.com/go-i2p/go-i2p-bt/rpc/methods.go:205.25,206.74 1 0
github.com/go-i2p/go-i2p-bt/rpc/methods.go:206.74,211.4 1 0
github.com/go-i2p/go-i2p-bt/rpc/methods.go:214.2,214.12 1 0
github.com/go-i2p/go-i2p-bt/rpc/methods.go:219.65,221.57 1 1
github.com/go-i2p/go-i2p-bt/rpc/methods.go:221.57,226.3 1 1
github.com/go-i2p/go-i2p-bt/rpc/methods.go:228.2,229.16 2 1
github.com/go-i2p/go-i2p-bt/rpc/methods.go:229.16,234.3 1 0
github.com/go-i2p/go-i2p-bt/rpc/methods.go:237.2,240.25 2 1
github.com/go-i2p/go-i2p-bt/rpc/methods.go:240.25,242.17 2 1
github.com/go-i2p/go-i2p-bt/rpc/methods.go:242.17,244.12 2 1
github.com/go-i2p/go-i2p-bt/rpc/methods.go:248.3,248.61 1 1
github.com/go-i2p/go-i2p-bt/rpc/methods.go:248.61,250.4 1 1
github.com/go-i2p/go-i2p-bt/rpc/methods.go:254.2,254.21 1 1
github.com/go-i2p/go-i2p-bt/rpc/methods.go:254.21,259.3 1 1
github.com/go-i2p/go-i2p-bt/rpc/methods.go:261.2,261.12 1 1
github.com/go-i2p/go-i2p-bt/rpc/methods.go:266.80,268.23 1 1
github.com/go-i2p/go-i2p-bt/rpc/methods.go:268.23,270.3 1 1
github.com/go-i2p/go-i2p-bt/rpc/methods.go:273.2,273.28 1 1
github.com/go-i2p/go-i2p-bt/rpc/methods.go:273.28,275.3 1 1
github.com/go-i2p/go-i2p-bt/rpc/methods.go:278.2,278.27 1 1
github.com/go-i2p/go-i2p-bt/rpc/methods.go:278.27,280.3 1 1
github.com/go-i2p/go-i2p-bt/rpc/methods.go:283.2,283.52 1 1
github.com/go-i2p/go-i2p-bt/rpc/methods.go:283.52,285.3 1 1
github.com/go-i2p/go-i2p-bt/rpc/methods.go:288.2,288.50 1 1
github.com/go-i2p/go-i2p-bt/rpc/methods.go:288.50,290.3 1 1
github.com/go-i2p/go-i2p-bt/rpc/methods.go:293.2,293.61 1 1
github.com/go-i2p/go-i2p-bt/rpc/methods.go:293.61,295.3 1 1
github.com/go-i2p/go-i2p-bt/rpc/methods.go:298.2,298.65 1 1
github.com/go-i2p/go-i2p-bt/rpc/methods.go:298.65,300.3 1 1
github.com/go-i2p/go-i2p-bt/rpc/methods.go:302.2,302.12 1 1
github.com/go-i2p/go-i2p-bt/rpc/methods.go:306.97,308.63 1 1
github.com/go-i2p/go-i2p-bt/rpc/methods.go:308.63,310.3 1 0
github.com/go-i2p/go-i2p-bt/rpc/methods.go:313.2,313.32 1 1
github.com/go-i2p/go-i2p-bt/rpc/methods.go:313.33,316.3 0 0
github.com/go-i2p/go-i2p-bt/rpc/methods.go:319.2,319.60 1 1
github.com/go-i2p/go-i2p-bt/rpc/methods.go:319.60,321.3 1 1
github.com/go-i2p/go-i2p-bt/rpc/methods.go:324.2,324.61 1 1
github.com/go-i2p/go-i2p-bt/rpc/methods.go:324.61,326.3 1 1
github.com/go-i2p/go-i2p-bt/rpc/methods.go:329.2,329.28 1 1
github.com/go-i2p/go-i2p-bt/rpc/methods.go:329.28,331.3 1 1
github.com/go-i2p/go-i2p-bt/rpc/methods.go:332.2,332.27 1 1
github.com/go-i2p/go-i2p-bt/rpc/methods.go:332.27,334.3 1 1
github.com/go-i2p/go-i2p-bt/rpc/methods.go:335.2,335.29 1 1
github.com/go-i2p/go-i2p-bt/rpc/methods.go:335.29,337.3 1 1
github.com/go-i2p/go-i2p-bt/rpc/methods.go:340.2,340.25 1 1
github.com/go-i2p/go-i2p-bt/rpc/methods.go:340.25,343.3 2 1
github.com/go-i2p/go-i2p-bt/rpc/methods.go:346.2,346.55 1 1
github.com/go-i2p/go-i2p-bt/rpc/methods.go:346.55,348.3 1 1
github.com/go-i2p/go-i2p-bt/rpc/methods.go:351.2,351.24 1 1
github.com/go-i2p/go-i2p-bt/rpc/methods.go:351.24,352.82 1 1
github.com/go-i2p/go-i2p-bt/rpc/methods.go:352.82,354.4 1 1
github.com/go-i2p/go-i2p-bt/rpc/methods.go:357.2,357.12 1 1
github.com/go-i2p/go-i2p-bt/rpc/methods.go:361.79,362.29 1 1
github.com/go-i2p/go-i2p-bt/rpc/methods.go:362.29,364.3 1 0
github.com/go-i2p/go-i2p-bt/rpc/methods.go:366.2,367.16 2 1
github.com/go-i2p/go-i2p-bt/rpc/methods.go:367.16,369.3 1 0
github.com/go-i2p/go-i2p-bt/rpc/methods.go:372.2,373.47 2 1
github.com/go-i2p/go-i2p-bt/rpc/methods.go:373.47,375.3 1 0
github.com/go-i2p/go-i2p-bt/rpc/methods.go:378.2,378.55 1 1
github.com/go-i2p/go-i2p-bt/rpc/methods.go:378.55,380.33 2 0
github.com/go-i2p/go-i2p-bt/rpc/methods.go:380.33,382.4 1 0
github.com/go-i2p/go-i2p-bt/rpc/methods.go:386.2,386.59 1 1
github.com/go-i2p/go-i2p-bt/rpc/methods.go:386.59,389.3 1 0
github.com/go-i2p/go-i2p-bt/rpc/methods.go:391.2,391.12 1 1
github.com/go-i2p/go-i2p-bt/rpc/methods.go:395.97,397.44 1 1
github.com/go-i2p/go-i2p-bt/rpc/methods.go:397.44,398.61 1 1
github.com/go-i2p/go-i2p-bt/rpc/methods.go:398.61,400.4 1 1
github.com/go-i2p/go-i2p-bt/rpc/methods.go:401.3,401.35 1 1
github.com/go-i2p/go-i2p-bt/rpc/methods.go:405.2,405.46 1 1
github.com/go-i2p/go-i2p-bt/rpc/methods.go:405.46,406.61 1 1
github.com/go-i2p/go-i2p-bt/rpc/methods.go:406.61,408.4 1 1
github.com/go-i2p/go-i2p-bt/rpc/methods.go:409.3,409.36 1 1
github.com/go-i2p/go-i2p-bt/rpc/methods.go:412.2,412.12 1 1
github.com/go-i2p/go-i2p-bt/rpc/methods.go:416.98,418.82 1 1
github.com/go-i2p/go-i2p-bt/rpc/methods.go:418.82,419.37 1 1
github.com/go-i2p/go-i2p-bt/rpc/methods.go:419.37,420.66 1 1
github.com/go-i2p/go-i2p-bt/rpc/methods.go:420.66,422.5 1 1
github.com/go-i2p/go-i2p-bt/rpc/methods.go:423.4,423.44 1 1
github.com/go-i2p/go-i2p-bt/rpc/methods.go:425.3,425.13 1 1
github.com/go-i2p/go-i2p-bt/rpc/methods.go:429.2,429.74 1 1
github.com/go-i2p/go-i2p-bt/rpc/methods.go:429.74,431.3 1 1
github.com/go-i2p/go-i2p-bt/rpc/methods.go:434.2,434.78 1 1
github.com/go-i2p/go-i2p-bt/rpc/methods.go:434.78,436.3 1 0
github.com/go-i2p/go-i2p-bt/rpc/methods.go:439.2,439.73 1 1
github.com/go-i2p/go-i2p-bt/rpc/methods.go:439.73,441.3 1 0
github.com/go-i2p/go-i2p-bt/rpc/methods.go:443.2,443.12 1 1
github.com/go-i2p/go-i2p-bt/rpc/methods.go:447.92,449.41 1 1
github.com/go-i2p/go-i2p-bt/rpc/methods.go:449.41,450.39 1 1
github.com/go-i2p/go-i2p-bt/rpc/methods.go:450.39,451.12 1 0
github.com/go-i2p/go-i2p-bt/rpc/methods.go:455.3,456.48 2 1
github.com/go-i2p/go-i2p-bt/rpc/methods.go:456.48,457.27 1 1
github.com/go-i2p/go-i2p-bt/rpc/methods.go:457.27,459.10 2 1
github.com/go-i2p/go-i2p-bt/rpc/methods.go:462.3,462.13 1 1
github.com/go-i2p/go-i2p-bt/rpc/methods.go:462.13,464.4 1 1
github.com/go-i2p/go-i2p-bt/rpc/methods.go:468.2,468.32 1 1
github.com/go-i2p/go-i2p-bt/rpc/methods.go:468.32,471.41 2 1
github.com/go-i2p/go-i2p-bt/rpc/methods.go:471.41,472.55 1 1
github.com/go-i2p/go-i2p-bt/rpc/methods.go:472.55,474.5 1 1
github.com/go-i2p/go-i2p-bt/rpc/methods.go:475.4,475.25 1 1
github.com/go-i2p/go-i2p-bt/rpc/methods.go:479.3,479.37 1 1
github.com/go-i2p/go-i2p-bt/rpc/methods.go:479.37,480.42 1 1
github.com/go-i2p/go-i2p-bt/rpc/methods.go:480.42,481.32 1 0
github.com/go-i2p/go-i2p-bt/rpc/methods.go:481.32,483.6 1 0
github.com/go-i2p/go-i2p-bt/rpc/methods.go:488.3,488.33 1 1
github.com/go-i2p/go-i2p-bt/rpc/methods.go:488.33,490.4 1 1
github.com/go-i2p/go-i2p-bt/rpc/methods.go:494.2,494.34 1 1
github.com/go-i2p/go-i2p-bt/rpc/methods.go:494.34,500.44 3 1
github.com/go-i2p/go-i2p-bt/rpc/methods.go:501.16,502.18 1 0
github.com/go-i2p/go-i2p-bt/rpc/methods.go:503.12,504.13 1 1
github.com/go-i2p/go-i2p-bt/rpc/methods.go:505.14,506.18 1 0
github.com/go-i2p/go-i2p-bt/rpc/methods.go:507.11,508.70 1 1
github.com/go-i2p/go-i2p-bt/rpc/methods.go:511.3,511.52 1 1
github.com/go-i2p/go-i2p-bt/rpc/methods.go:511.52,513.4 1 1
github.com/go-i2p/go-i2p-bt/rpc/methods.go:513.9,515.4 1 1
github.com/go-i2p/go-i2p-bt/rpc/methods.go:518.3,518.53 1 1
github.com/go-i2p/go-i2p-bt/rpc/methods.go:518.53,520.4 1 1
github.com/go-i2p/go-i2p-bt/rpc/methods.go:522.3,522.38 1 1
github.com/go-i2p/go-i2p-bt/rpc/methods.go:522.38,524.4 1 0
github.com/go-i2p/go-i2p-bt/rpc/methods.go:526.3,526.38 1 1
github.com/go-i2p/go-i2p-bt/rpc/methods.go:529.2,529.12 1 1
github.com/go-i2p/go-i2p-bt/rpc/methods.go:533.101,535.39 1 1
github.com/go-i2p/go-i2p-bt/rpc/methods.go:535.39,537.3 1 1
github.com/go-i2p/go-i2p-bt/rpc/methods.go:540.2,550.10 2 1
github.com/go-i2p/go-i2p-bt/rpc/methods.go:550.11,553.3 0 1
github.com/go-i2p/go-i2p-bt/rpc/methods.go:555.2,555.12 1 1
github.com/go-i2p/go-i2p-bt/rpc/methods.go:559.63,614.2 3 0
github.com/go-i2p/go-i2p-bt/rpc/methods.go:617.62,621.29 2 0
github.com/go-i2p/go-i2p-bt/rpc/methods.go:621.29,623.3 1 0
github.com/go-i2p/go-i2p-bt/rpc/methods.go:624.2,624.32 1 0
github.com/go-i2p/go-i2p-bt/rpc/methods.go:624.32,626.3 1 0
github.com/go-i2p/go-i2p-bt/rpc/methods.go:627.2,627.27 1 0
github.com/go-i2p/go-i2p-bt/rpc/methods.go:627.27,629.3 1 0
github.com/go-i2p/go-i2p-bt/rpc/methods.go:630.2,630.33 1 0
github.com/go-i2p/go-i2p-bt/rpc/methods.go:630.33,632.3 1 0
github.com/go-i2p/go-i2p-bt/rpc/methods.go:633.2,633.29 1 0
github.com/go-i2p/go-i2p-bt/rpc/methods.go:633.29,635.3 1 0
github.com/go-i2p/go-i2p-bt/rpc/methods.go:636.2,636.28 1 0
github.com/go-i2p/go-i2p-bt/rpc/methods.go:636.28,638.3 1 0
github.com/go-i2p/go-i2p-bt/rpc/methods.go:639.2,639.20 1 0
github.com/go-i2p/go-i2p-bt/rpc/methods.go:639.20,641.3 1 0
github.com/go-i2p/go-i2p-bt/rpc/methods.go:642.2,642.28 1 0
github.com/go-i2p/go-i2p-bt/rpc/methods.go:642.28,644.3 1 0
github.com/go-i2p/go-i2p-bt/rpc/methods.go:645.2,645.37 1 0
github.com/go-i2p/go-i2p-bt/rpc/methods.go:645.37,647.3 1 0
github.com/go-i2p/go-i2p-bt/rpc/methods.go:648.2,648.34 1 0
github.com/go-i2p/go-i2p-bt/rpc/methods.go:648.34,650.3 1 0
github.com/go-i2p/go-i2p-bt/rpc/methods.go:651.2,651.27 1 0
github.com/go-i2p/go-i2p-bt/rpc/methods.go:651.27,653.3 1 0
github.com/go-i2p/go-i2p-bt/rpc/methods.go:654.2,654.33 1 0
github.com/go-i2p/go-i2p-bt/rpc/methods.go:654.33,656.3 1 0
github.com/go-i2p/go-i2p-bt/rpc/methods.go:657.2,657.40 1 0
github.com/go-i2p/go-i2p-bt/rpc/methods.go:657.40,659.3 1 0
github.com/go-i2p/go-i2p-bt/rpc/methods.go:660.2,660.20 1 0
github.com/go-i2p/go-i2p-bt/rpc/methods.go:660.20,662.3 1 0
github.com/go-i2p/go-i2p-bt/rpc/methods.go:663.2,663.32 1 0
github.com/go-i2p/go-i2p-bt/rpc/methods.go:663.32,665.3 1 0
github.com/go-i2p/go-i2p-bt/rpc/methods.go:666.2,666.36 1 0
github.com/go-i2p/go-i2p-bt/rpc/methods.go:666.36,668.3 1 0
github.com/go-i2p/go-i2p-bt/rpc/methods.go:669.2,669.25 1 0
github.com/go-i2p/go-i2p-bt/rpc/methods.go:669.25,671.3 1 0
github.com/go-i2p/go-i2p-bt/rpc/methods.go:672.2,672.20 1 0
github.com/go-i2p/go-i2p-bt/rpc/methods.go:672.20,674.3 1 0
github.com/go-i2p/go-i2p-bt/rpc/methods.go:675.2,675.33 1 0
github.com/go-i2p/go-i2p-bt/rpc/methods.go:675.33,677.3 1 0
github.com/go-i2p/go-i2p-bt/rpc/methods.go:678.2,678.30 1 0
github.com/go-i2p/go-i2p-bt/rpc/methods.go:678.30,680.3 1 0
github.com/go-i2p/go-i2p-bt/rpc/methods.go:681.2,681.31 1 0
github.com/go-i2p/go-i2p-bt/rpc/methods.go:681.31,683.3 1 0
github.com/go-i2p/go-i2p-bt/rpc/methods.go:684.2,684.33 1 0
github.com/go-i2p/go-i2p-bt/rpc/methods.go:684.33,686.3 1 0
github.com/go-i2p/go-i2p-bt/rpc/methods.go:687.2,687.31 1 0
github.com/go-i2p/go-i2p-bt/rpc/methods.go:687.31,689.3 1 0
github.com/go-i2p/go-i2p-bt/rpc/methods.go:690.2,690.38 1 0
github.com/go-i2p/go-i2p-bt/rpc/methods.go:690.38,692.3 1 0
github.com/go-i2p/go-i2p-bt/rpc/methods.go:693.2,693.29 1 0
github.com/go-i2p/go-i2p-bt/rpc/methods.go:693.29,695.3 1 0
github.com/go-i2p/go-i2p-bt/rpc/methods.go:696.2,696.36 1 0
github.com/go-i2p/go-i2p-bt/rpc/methods.go:696.36,698.3 1 0
github.com/go-i2p/go-i2p-bt/rpc/methods.go:699.2,699.35 1 0
github.com/go-i2p/go-i2p-bt/rpc/methods.go:699.35,701.3 1 0
github.com/go-i2p/go-i2p-bt/rpc/methods.go:702.2,702.20 1 0
github.com/go-i2p/go-i2p-bt/rpc/methods.go:702.20,704.3 1 0
github.com/go-i2p/go-i2p-bt/rpc/methods.go:707.2,707.62 1 0
github.com/go-i2p/go-i2p-bt/rpc/methods.go:707.62,712.3 1 0
github.com/go-i2p/go-i2p-bt/rpc/methods.go:714.2,714.12 1 0
github.com/go-i2p/go-i2p-bt/rpc/methods.go:718.69,744.2 2 0
github.com/go-i2p/go-i2p-bt/rpc/methods.go:749.80,756.32 5 0
github.com/go-i2p/go-i2p-bt/rpc/methods.go:756.32,769.32 3 0
github.com/go-i2p/go-i2p-bt/rpc/methods.go:769.32,771.4 1 0
github.com/go-i2p/go-i2p-bt/rpc/methods.go:772.3,772.28 1 0
github.com/go-i2p/go-i2p-bt/rpc/methods.go:772.28,774.4 1 0
github.com/go-i2p/go-i2p-bt/rpc/methods.go:778.2,779.32 2 0
github.com/go-i2p/go-i2p-bt/rpc/methods.go:779.32,788.3 1 0
github.com/go-i2p/go-i2p-bt/rpc/methods.go:791.2,793.45 3 0
github.com/go-i2p/go-i2p-bt/rpc/methods.go:793.45,807.3 2 0
github.com/go-i2p/go-i2p-bt/rpc/methods.go:810.2,812.26 3 0
github.com/go-i2p/go-i2p-bt/rpc/methods.go:812.26,815.3 2 0
github.com/go-i2p/go-i2p-bt/rpc/methods.go:817.2,818.19 2 0
github.com/go-i2p/go-i2p-bt/rpc/methods.go:818.19,820.3 1 0
github.com/go-i2p/go-i2p-bt/rpc/methods.go:823.2,824.27 2 0
github.com/go-i2p/go-i2p-bt/rpc/methods.go:824.27,827.3 2 0
github.com/go-i2p/go-i2p-bt/rpc/methods.go:829.2,866.3 1 0
github.com/go-i2p/go-i2p-bt/rpc/methods.go:870.84,877.31 2 0
github.com/go-i2p/go-i2p-bt/rpc/methods.go:877.31,878.16 1 0
github.com/go-i2p/go-i2p-bt/rpc/methods.go:879.13,880.28 1 0
github.com/go-i2p/go-i2p-bt/rpc/methods.go:881.21,882.44 1 0
github.com/go-i2p/go-i2p-bt/rpc/methods.go:883.15,884.32 1 0
github.com/go-i2p/go-i2p-bt/rpc/methods.go:885.17,886.36 1 0
github.com/go-i2p/go-i2p-bt/rpc/methods.go:887.20,888.42 1 0
github.com/go-i2p/go-i2p-bt/rpc/methods.go:889.20,890.42 1 0
github.com/go-i2p/go-i2p-bt/rpc/methods.go:891.23,892.48 1 0
github.com/go-i2p/go-i2p-bt/rpc/methods.go:893.22,894.46 1 0
github.com/go-i2p/go-i2p-bt/rpc/methods.go:895.16,896.34 1 0
github.com/go-i2p/go-i2p-bt/rpc/methods.go:897.20,898.42 1 0
github.com/go-i2p/go-i2p-bt/rpc/methods.go:899.21,900.44 1 0
github.com/go-i2p/go-i2p-bt/rpc/methods.go:901.17,902.36 1 0
github.com/go-i2p/go-i2p-bt/rpc/methods.go:903.19,904.40 1 0
github.com/go-i2p/go-i2p-bt/rpc/methods.go:905.23,906.48 1 0
github.com/go-i2p/go-i2p-bt/rpc/methods.go:907.16,908.34 1 0
github.com/go-i2p/go-i2p-bt/rpc/methods.go:909.20,910.42 1 0
github.com/go-i2p/go-i2p-bt/rpc/methods.go:911.24,912.50 1 0
github.com/go-i2p/go-i2p-bt/rpc/methods.go:913.22,914.46 1 0
github.com/go-i2p/go-i2p-bt/rpc/methods.go:915.23,916.48 1 0
github.com/go-i2p/go-i2p-bt/rpc/methods.go:917.25,918.52 1 0
github.com/go-i2p/go-i2p-bt/rpc/methods.go:919.20,920.42 1 0
github.com/go-i2p/go-i2p-bt/rpc/methods.go:921.23,922.48 1 0
github.com/go-i2p/go-i2p-bt/rpc/methods.go:923.21,924.44 1 0
github.com/go-i2p/go-i2p-bt/rpc/methods.go:925.23,926.48 1 0
github.com/go-i2p/go-i2p-bt/rpc/methods.go:927.22,928.46 1 0
github.com/go-i2p/go-i2p-bt/rpc/methods.go:929.25,930.52 1 0
github.com/go-i2p/go-i2p-bt/rpc/methods.go:931.24,932.50 1 0
github.com/go-i2p/go-i2p-bt/rpc/methods.go:933.30,934.62 1 0
github.com/go-i2p/go-i2p-bt/rpc/methods.go:935.17,936.36 1 0
github.com/go-i2p/go-i2p-bt/rpc/methods.go:937.21,938.44 1 0
github.com/go-i2p/go-i2p-bt/rpc/methods.go:939.21,940.44 1 0
github.com/go-i2p/go-i2p-bt/rpc/methods.go:941.20,942.42 1 0
github.com/go-i2p/go-i2p-bt/rpc/methods.go:943.20,944.42 1 0
github.com/go-i2p/go-i2p-bt/rpc/methods.go:945.21,946.44 1 0
github.com/go-i2p/go-i2p-bt/rpc/methods.go:947.34,948.70 1 0
github.com/go-i2p/go-i2p-bt/rpc/methods.go:949.28,950.58 1 0
github.com/go-i2p/go-i2p-bt/rpc/methods.go:954.2,954.17 1 0
github.com/go-i2p/go-i2p-bt/rpc/methods.go:959.42,960.27 1 0
github.com/go-i2p/go-i2p-bt/rpc/methods.go:960.27,962.17 2 0
github.com/go-i2p/go-i2p-bt/rpc/methods.go:962.17,964.4 1 0
github.com/go-i2p/go-i2p-bt/rpc/methods.go:966.2,966.35 1 0
github.com/go-i2p/go-i2p-bt/rpc/methods.go:969.53,970.86 1 0
github.com/go-i2p/go-i2p-bt/rpc/methods.go:970.86,972.3 1 0
github.com/go-i2p/go-i2p-bt/rpc/methods.go:973.2,973.24 1 0
github.com/go-i2p/go-i2p-bt/rpc/methods.go:976.57,977.21 1 0
github.com/go-i2p/go-i2p-bt/rpc/methods.go:977.21,979.3 1 0
github.com/go-i2p/go-i2p-bt/rpc/methods.go:980.2,980.48 1 0
github.com/go-i2p/go-i2p-bt/rpc/methods.go:983.55,984.27 1 0
github.com/go-i2p/go-i2p-bt/rpc/methods.go:984.27,986.3 1 0
github.com/go-i2p/go-i2p-bt/rpc/methods.go:987.2,987.47 1 0
github.com/go-i2p/go-i2p-bt/rpc/methods.go:987.47,989.3 1 0
github.com/go-i2p/go-i2p-bt/rpc/methods.go:990.2,990.12 1 0
github.com/go-i2p/go-i2p-bt/rpc/methods.go:996.105,997.16 1 0
github.com/go-i2p/go-i2p-bt/rpc/methods.go:998.21,999.60 1 0
github.com/go-i2p/go-i2p-bt/rpc/methods.go:999.60,1001.55 2 0
github.com/go-i2p/go-i2p-bt/rpc/methods.go:1001.55,1003.5 1 0
github.com/go-i2p/go-i2p-bt/rpc/methods.go:1004.4,1004.28 1 0
github.com/go-i2p/go-i2p-bt/rpc/methods.go:1007.21,1008.60 1 0
github.com/go-i2p/go-i2p-bt/rpc/methods.go:1008.60,1010.55 2 0
github.com/go-i2p/go-i2p-bt/rpc/methods.go:1010.55,1012.5 1 0
github.com/go-i2p/go-i2p-bt/rpc/methods.go:1013.4,1013.28 1 0
github.com/go-i2p/go-i2p-bt/rpc/methods.go:1016.23,1017.60 1 0
github.com/go-i2p/go-i2p-bt/rpc/methods.go:1017.60,1019.55 2 0
github.com/go-i2p/go-i2p-bt/rpc/methods.go:1019.55,1021.5 1 0
github.com/go-i2p/go-i2p-bt/rpc/methods.go:1022.4,1022.35 1 0
github.com/go-i2p/go-i2p-bt/rpc/methods.go:1025.27,1026.60 1 0
github.com/go-i2p/go-i2p-bt/rpc/methods.go:1026.60,1028.55 2 0
github.com/go-i2p/go-i2p-bt/rpc/methods.go:1028.55,1030.5 1 0
github.com/go-i2p/go-i2p-bt/rpc/methods.go:1031.4,1031.38 1 0
github.com/go-i2p/go-i2p-bt/rpc/methods.go:1034.22,1035.60 1 0
github.com/go-i2p/go-i2p-bt/rpc/methods.go:1035.60,1037.55 2 0
github.com/go-i2p/go-i2p-bt/rpc/methods.go:1037.55,1039.5 1 0
github.com/go-i2p/go-i2p-bt/rpc/methods.go:1040.4,1040.34 1 0
github.com/go-i2p/go-i2p-bt/rpc/methods.go:1043.24,1044.60 1 0
github.com/go-i2p/go-i2p-bt/rpc/methods.go:1044.60,1046.55 2 0
github.com/go-i2p/go-i2p-bt/rpc/methods.go:1046.55,1048.5 1 0
github.com/go-i2p/go-i2p-bt/rpc/methods.go:1049.4,1049.36 1 0
github.com/go-i2p/go-i2p-bt/rpc/methods.go:1052.24,1053.60 1 0
github.com/go-i2p/go-i2p-bt/rpc/methods.go:1053.60,1055.55 2 0
github.com/go-i2p/go-i2p-bt/rpc/methods.go:1055.55,1057.5 1 0
github.com/go-i2p/go-i2p-bt/rpc/methods.go:1058.4,1058.36 1 0
github.com/go-i2p/go-i2p-bt/rpc/methods.go:1061.21,1062.60 1 0
github.com/go-i2p/go-i2p-bt/rpc/methods.go:1062.60,1064.55 2 0
github.com/go-i2p/go-i2p-bt/rpc/methods.go:1064.55,1066.5 1 0
github.com/go-i2p/go-i2p-bt/rpc/methods.go:1067.4,1067.33 1 0
github.com/go-i2p/go-i2p-bt/rpc/methods.go:1070.21,1071.60 1 0
github.com/go-i2p/go-i2p-bt/rpc/methods.go:1071.60,1073.4 1 0
github.com/go-i2p/go-i2p-bt/rpc/methods.go:1075.21,1076.60 1 0
github.com/go-i2p/go-i2p-bt/rpc/methods.go:1076.60,1078.55 2 0
github.com/go-i2p/go-i2p-bt/rpc/methods.go:1078.55,1080.5 1 0
github.com/go-i2p/go-i2p-bt/rpc/methods.go:1081.4,1081.33 1 0
github.com/go-i2p/go-i2p-bt/rpc/methods.go:1084.23,1085.60 1 0
github.com/go-i2p/go-i2p-bt/rpc/methods.go:1085.60,1087.4 1 0
github.com/go-i2p/go-i2p-bt/rpc/methods.go:1089.10,1090.20 1 0
github.com/go-i2p/go-i2p-bt/rpc/methods.go:1095.53,1109.2 1 0
github.com/go-i2p/go-i2p-bt/rpc/server.go:74.54,75.34 1 0
github.com/go-i2p/go-i2p-bt/rpc/server.go:75.34,77.3 1 0
github.com/go-i2p/go-i2p-bt/rpc/server.go:79.2,79.28 1 0
github.com/go-i2p/go-i2p-bt/rpc/server.go:79.28,81.3 1 0
github.com/go-i2p/go-i2p-bt/rpc/server.go:83.2,83.29 1 0
github.com/go-i2p/go-i2p-bt/rpc/server.go:83.29,84.63 1 0
github.com/go-i2p/go-i2p-bt/rpc/server.go:84.64,86.4 0 0
github.com/go-i2p/go-i2p-bt/rpc/server.go:89.2,89.37 1 0
github.com/go-i2p/go-i2p-bt/rpc/server.go:89.37,91.3 1 0
github.com/go-i2p/go-i2p-bt/rpc/server.go:93.2,93.29 1 0
github.com/go-i2p/go-i2p-bt/rpc/server.go:93.29,95.3 1 0
github.com/go-i2p/go-i2p-bt/rpc/server.go:97.2,97.30 1 0
github.com/go-i2p/go-i2p-bt/rpc/server.go:97.30,99.3 1 0
github.com/go-i2p/go-i2p-bt/rpc/server.go:101.2,101.32 1 0
github.com/go-i2p/go-i2p-bt/rpc/server.go:101.32,103.3 1 0
github.com/go-i2p/go-i2p-bt/rpc/server.go:105.2,112.20 2 0
github.com/go-i2p/go-i2p-bt/rpc/server.go:116.68,124.27 3 0
github.com/go-i2p/go-i2p-bt/rpc/server.go:124.27,127.3 2 0
github.com/go-i2p/go-i2p-bt/rpc/server.go:130.2,130.24 1 0
github.com/go-i2p/go-i2p-bt/rpc/server.go:130.24,133.3 2 0
github.com/go-i2p/go-i2p-bt/rpc/server.go:136.2,137.56 2 0
github.com/go-i2p/go-i2p-bt/rpc/server.go:137.56,140.3 2 0
github.com/go-i2p/go-i2p-bt/rpc/server.go:143.2,143.47 1 0
github.com/go-i2p/go-i2p-bt/rpc/server.go:143.47,146.3 2 0
github.com/go-i2p/go-i2p-bt/rpc/server.go:149.2,150.16 2 0
github.com/go-i2p/go-i2p-bt/rpc/server.go:150.16,153.3 2 0
github.com/go-i2p/go-i2p-bt/rpc/server.go:156.2,157.54 2 0
github.com/go-i2p/go-i2p-bt/rpc/server.go:157.54,160.3 2 0
github.com/go-i2p/go-i2p-bt/rpc/server.go:163.2,163.29 1 0
github.com/go-i2p/go-i2p-bt/rpc/server.go:163.29,166.3 2 0
github.com/go-i2p/go-i2p-bt/rpc/server.go:169.2,169.21 1 0
github.com/go-i2p/go-i2p-bt/rpc/server.go:169.21,172.3 2 0
github.com/go-i2p/go-i2p-bt/rpc/server.go:175.2,175.44 1 0
github.com/go-i2p/go-i2p-bt/rpc/server.go:175.44,176.30 1 0
github.com/go-i2p/go-i2p-bt/rpc/server.go:176.30,181.4 3 0
github.com/go-i2p/go-i2p-bt/rpc/server.go:185.2,185.36 1 0
github.com/go-i2p/go-i2p-bt/rpc/server.go:189.93,198.13 3 0
github.com/go-i2p/go-i2p-bt/rpc/server.go:198.13,205.3 3 0
github.com/go-i2p/go-i2p-bt/rpc/server.go:208.2,209.26 2 0
github.com/go-i2p/go-i2p-bt/rpc/server.go:209.26,211.17 2 0
github.com/go-i2p/go-i2p-bt/rpc/server.go:211.17,218.4 3 0
github.com/go-i2p/go-i2p-bt/rpc/server.go:219.3,219.23 1 0
github.com/go-i2p/go-i2p-bt/rpc/server.go:223.2,227.16 4 0
github.com/go-i2p/go-i2p-bt/rpc/server.go:227.16,228.40 1 0
github.com/go-i2p/go-i2p-bt/rpc/server.go:228.40,230.4 1 0
github.com/go-i2p/go-i2p-bt/rpc/server.go:230.9,235.4 1 0
github.com/go-i2p/go-i2p-bt/rpc/server.go:236.8,238.3 1 0
github.com/go-i2p/go-i2p-bt/rpc/server.go:241.2,241.48 1 0
github.com/go-i2p/go-i2p-bt/rpc/server.go:245.155,253.12 3 0
github.com/go-i2p/go-i2p-bt/rpc/server.go:253.12,256.3 2 0
github.com/go-i2p/go-i2p-bt/rpc/server.go:258.2,258.9 1 0
github.com/go-i2p/go-i2p-bt/rpc/server.go:259.20,263.4 1 0
github.com/go-i2p/go-i2p-bt/rpc/server.go:264.27,265.27 1 0
github.com/go-i2p/go-i2p-bt/rpc/server.go:270.50,271.56 1 0
github.com/go-i2p/go-i2p-bt/rpc/server.go:271.56,273.3 1 0
github.com/go-i2p/go-i2p-bt/rpc/server.go:275.2,276.9 2 0
github.com/go-i2p/go-i2p-bt/rpc/server.go:276.9,278.3 1 0
github.com/go-i2p/go-i2p-bt/rpc/server.go:280.2,280.71 1 0
github.com/go-i2p/go-i2p-bt/rpc/server.go:284.58,292.2 5 0
github.com/go-i2p/go-i2p-bt/rpc/server.go:295.60,308.2 2 0
github.com/go-i2p/go-i2p-bt/rpc/server.go:311.75,313.18 2 0
github.com/go-i2p/go-i2p-bt/rpc/server.go:313.18,315.3 1 0
github.com/go-i2p/go-i2p-bt/rpc/server.go:317.2,321.31 4 0
github.com/go-i2p/go-i2p-bt/rpc/server.go:321.31,323.3 1 0
github.com/go-i2p/go-i2p-bt/rpc/server.go:327.92,337.2 2 0
github.com/go-i2p/go-i2p-bt/rpc/server.go:340.88,344.56 3 0
github.com/go-i2p/go-i2p-bt/rpc/server.go:344.56,346.3 1 0
github.com/go-i2p/go-i2p-bt/rpc/server.go:350.37,356.2 4 0
github.com/go-i2p/go-i2p-bt/rpc/server.go:359.40,364.2 3 0
github.com/go-i2p/go-i2p-bt/rpc/server.go:367.52,374.2 1 0
github.com/go-i2p/go-i2p-bt/rpc/server.go:377.54,379.36 1 0
github.com/go-i2p/go-i2p-bt/rpc/server.go:379.36,381.3 1 0
github.com/go-i2p/go-i2p-bt/rpc/server.go:382.2,382.12 1 0
github.com/go-i2p/go-i2p-bt/rpc/server.go:388.33,391.2 1 0
github.com/go-i2p/go-i2p-bt/rpc/server.go:396.102,397.71 1 0
github.com/go-i2p/go-i2p-bt/rpc/server.go:397.71,407.3 5 0
github.com/go-i2p/go-i2p-bt/rpc/server.go:411.103,412.71 1 0
github.com/go-i2p/go-i2p-bt/rpc/server.go:412.71,413.16 1 0
github.com/go-i2p/go-i2p-bt/rpc/server.go:413.16,414.36 1 0
github.com/go-i2p/go-i2p-bt/rpc/server.go:414.36,428.5 5 0
github.com/go-i2p/go-i2p-bt/rpc/server.go:431.3,431.26 1 0
github.com/go-i2p/go-i2p-bt/rpc/server.go:436.78,444.71 2 0
github.com/go-i2p/go-i2p-bt/rpc/server.go:444.71,447.40 3 0
github.com/go-i2p/go-i2p-bt/rpc/server.go:447.40,450.4 2 0
github.com/go-i2p/go-i2p-bt/rpc/server.go:452.3,452.36 1 0
github.com/go-i2p/go-i2p-bt/rpc/server.go:452.36,466.4 6 0
github.com/go-i2p/go-i2p-bt/rpc/server.go:468.3,471.26 3 0
github.com/go-i2p/go-i2p-bt/rpc/server.go:481.49,484.2 2 0
github.com/go-i2p/go-i2p-bt/rpc/server.go:489.59,499.16 3 0
github.com/go-i2p/go-i2p-bt/rpc/server.go:499.16,501.3 1 0
github.com/go-i2p/go-i2p-bt/rpc/server.go:503.2,507.32 2 0
github.com/go-i2p/go-i2p-bt/rpc/server.go:511.81,521.16 3 0
github.com/go-i2p/go-i2p-bt/rpc/server.go:521.16,523.3 1 0
github.com/go-i2p/go-i2p-bt/rpc/server.go:525.2,531.32 2 0
github.com/go-i2p/go-i2p-bt/rpc/server.go:535.53,545.2 3 0
github.com/go-i2p/go-i2p-bt/rpc/torrent_manager.go:100.78,101.28 1 1
github.com/go-i2p/go-i2p-bt/rpc/torrent_manager.go:101.28,103.3 1 0
github.com/go-i2p/go-i2p-bt/rpc/torrent_manager.go:105.2,105.30 1 1
github.com/go-i2p/go-i2p-bt/rpc/torrent_manager.go:105.30,107.3 1 0
github.com/go-i2p/go-i2p-bt/rpc/torrent_manager.go:109.2,109.29 1 1
github.com/go-i2p/go-i2p-bt/rpc/torrent_manager.go:109.29,111.3 1 0
github.com/go-i2p/go-i2p-bt/rpc/torrent_manager.go:113.2,113.33 1 1
github.com/go-i2p/go-i2p-bt/rpc/torrent_manager.go:113.33,115.3 1 0
github.com/go-i2p/go-i2p-bt/rpc/torrent_manager.go:117.2,117.37 1 1
github.com/go-i2p/go-i2p-bt/rpc/torrent_manager.go:117.37,119.3 1 0
github.com/go-i2p/go-i2p-bt/rpc/torrent_manager.go:121.2,121.26 1 1
github.com/go-i2p/go-i2p-bt/rpc/torrent_manager.go:121.26,123.3 1 1
github.com/go-i2p/go-i2p-bt/rpc/torrent_manager.go:126.2,126.40 1 1
github.com/go-i2p/go-i2p-bt/rpc/torrent_manager.go:126.40,147.3 1 0
github.com/go-i2p/go-i2p-bt/rpc/torrent_manager.go:149.2,162.37 3 1
github.com/go-i2p/go-i2p-bt/rpc/torrent_manager.go:162.37,165.17 3 1
github.com/go-i2p/go-i2p-bt/rpc/torrent_manager.go:165.17,168.4 1 0
github.com/go-i2p/go-i2p-bt/rpc/torrent_manager.go:168.9,184.4 5 1
github.com/go-i2p/go-i2p-bt/rpc/torrent_manager.go:188.2,191.25 2 1
github.com/go-i2p/go-i2p-bt/rpc/torrent_manager.go:191.25,192.58 1 1
github.com/go-i2p/go-i2p-bt/rpc/torrent_manager.go:192.58,196.18 2 0
github.com/go-i2p/go-i2p-bt/rpc/torrent_manager.go:196.18,198.5 1 0
github.com/go-i2p/go-i2p-bt/rpc/torrent_manager.go:203.2,206.16 3 1
github.com/go-i2p/go-i2p-bt/rpc/torrent_manager.go:210.41,213.26 2 1
github.com/go-i2p/go-i2p-bt/rpc/torrent_manager.go:213.26,215.3 1 1
github.com/go-i2p/go-i2p-bt/rpc/torrent_manager.go:217.2,217.25 1 1
github.com/go-i2p/go-i2p-bt/rpc/torrent_manager.go:217.25,219.3 1 1
github.com/go-i2p/go-i2p-bt/rpc/torrent_manager.go:221.2,221.23 1 1
github.com/go-i2p/go-i2p-bt/rpc/torrent_manager.go:221.23,223.3 1 1
github.com/go-i2p/go-i2p-bt/rpc/torrent_manager.go:225.2,225.12 1 1
github.com/go-i2p/go-i2p-bt/rpc/torrent_manager.go:229.71,232.2 1 1
github.com/go-i2p/go-i2p-bt/rpc/torrent_manager.go:235.72,242.38 4 1
github.com/go-i2p/go-i2p-bt/rpc/torrent_manager.go:242.38,243.47 1 1
github.com/go-i2p/go-i2p-bt/rpc/torrent_manager.go:243.47,245.49 1 1
github.com/go-i2p/go-i2p-bt/rpc/torrent_manager.go:245.49,248.5 1 0
github.com/go-i2p/go-i2p-bt/rpc/torrent_manager.go:249.4,249.9 1 1
github.com/go-i2p/go-i2p-bt/rpc/torrent_manager.go:255.84,260.47 3 1
github.com/go-i2p/go-i2p-bt/rpc/torrent_manager.go:260.47,262.3 1 1
github.com/go-i2p/go-i2p-bt/rpc/torrent_manager.go:264.2,268.24 3 1
github.com/go-i2p/go-i2p-bt/rpc/torrent_manager.go:268.24,271.17 2 1
github.com/go-i2p/go-i2p-bt/rpc/torrent_manager.go:271.17,273.4 1 1
github.com/go-i2p/go-i2p-bt/rpc/torrent_manager.go:276.3,277.17 2 1
github.com/go-i2p/go-i2p-bt/rpc/torrent_manager.go:277.17,279.4 1 1
github.com/go-i2p/go-i2p-bt/rpc/torrent_manager.go:281.3,281.33 1 1
github.com/go-i2p/go-i2p-bt/rpc/torrent_manager.go:283.8,283.31 1 1
github.com/go-i2p/go-i2p-bt/rpc/torrent_manager.go:283.31,286.17 2 1
github.com/go-i2p/go-i2p-bt/rpc/torrent_manager.go:286.17,288.4 1 0
github.com/go-i2p/go-i2p-bt/rpc/torrent_manager.go:290.3,290.29 1 1
github.com/go-i2p/go-i2p-bt/rpc/torrent_manager.go:295.8,297.3 1 1
github.com/go-i2p/go-i2p-bt/rpc/torrent_manager.go:300.2,300.39 1 1
github.com/go-i2p/go-i2p-bt/rpc/torrent_manager.go:300.39,301.36 1 1
github.com/go-i2p/go-i2p-bt/rpc/torrent_manager.go:301.36,303.4 1 1
github.com/go-i2p/go-i2p-bt/rpc/torrent_manager.go:307.2,311.23 4 1
github.com/go-i2p/go-i2p-bt/rpc/torrent_manager.go:311.23,313.3 1 1
github.com/go-i2p/go-i2p-bt/rpc/torrent_manager.go:315.2,330.16 2 1
github.com/go-i2p/go-i2p-bt/rpc/torrent_manager.go:330.16,332.3 1 1
github.com/go-i2p/go-i2p-bt/rpc/torrent_manager.go:332.8,333.22 1 0
github.com/go-i2p/go-i2p-bt/rpc/torrent_manager.go:333.22,335.4 1 0
github.com/go-i2p/go-i2p-bt/rpc/torrent_manager.go:335.9,337.4 1 0
github.com/go-i2p/go-i2p-bt/rpc/torrent_manager.go:341.2,341.21 1 1
github.com/go-i2p/go-i2p-bt/rpc/torrent_manager.go:341.21,343.17 2 1
github.com/go-i2p/go-i2p-bt/rpc/torrent_manager.go:343.17,348.36 4 1
github.com/go-i2p/go-i2p-bt/rpc/torrent_manager.go:348.36,358.5 3 1
github.com/go-i2p/go-i2p-bt/rpc/torrent_manager.go:361.4,362.39 2 1
github.com/go-i2p/go-i2p-bt/rpc/torrent_manager.go:362.39,364.5 1 1
github.com/go-i2p/go-i2p-bt/rpc/torrent_manager.go:369.2,372.56 2 1
github.com/go-i2p/go-i2p-bt/rpc/torrent_manager.go:372.56,374.3 1 0
github.com/go-i2p/go-i2p-bt/rpc/torrent_manager.go:374.8,374.28 1 1
github.com/go-i2p/go-i2p-bt/rpc/torrent_manager.go:374.28,377.3 1 1
github.com/go-i2p/go-i2p-bt/rpc/torrent_manager.go:379.2,381.26 2 1
github.com/go-i2p/go-i2p-bt/rpc/torrent_manager.go:385.71,390.13 4 1
github.com/go-i2p/go-i2p-bt/rpc/torrent_manager.go:390.13,392.3 1 1
github.com/go-i2p/go-i2p-bt/rpc/torrent_manager.go:394.2,394.21 1 1
github.com/go-i2p/go-i2p-bt/rpc/torrent_manager.go:398.80,402.38 3 1
github.com/go-i2p/go-i2p-bt/rpc/torrent_manager.go:402.38,403.43 1 1
github.com/go-i2p/go-i2p-bt/rpc/torrent_manager.go:403.43,405.4 1 1
github.com/go-i2p/go-i2p-bt/rpc/torrent_manager.go:408.2,408.64 1 1
github.com/go-i2p/go-i2p-bt/rpc/torrent_manager.go:412.60,417.38 4 1
github.com/go-i2p/go-i2p-bt/rpc/torrent_manager.go:417.38,419.3 1 1
github.com/go-i2p/go-i2p-bt/rpc/torrent_manager.go:421.2,421.17 1 1
github.com/go-i2p/go-i2p-bt/rpc/torrent_manager.go:425.56,430.13 4 1
github.com/go-i2p/go-i2p-bt/rpc/torrent_manager.go:430.13,432.3 1 1
github.com/go-i2p/go-i2p-bt/rpc/torrent_manager.go:434.2,434.90 1 1
github.com/go-i2p/go-i2p-bt/rpc/torrent_manager.go:434.90,436.3 1 0
github.com/go-i2p/go-i2p-bt/rpc/torrent_manager.go:438.2,443.12 4 1
github.com/go-i2p/go-i2p-bt/rpc/torrent_manager.go:447.55,452.13 4 1
github.com/go-i2p/go-i2p-bt/rpc/torrent_manager.go:452.13,454.3 1 1
github.com/go-i2p/go-i2p-bt/rpc/torrent_manager.go:456.2,460.12 2 1
github.com/go-i2p/go-i2p-bt/rpc/torrent_manager.go:464.74,469.13 4 1
github.com/go-i2p/go-i2p-bt/rpc/torrent_manager.go:469.13,471.3 1 1
github.com/go-i2p/go-i2p-bt/rpc/torrent_manager.go:474.2,483.12 4 1
github.com/go-i2p/go-i2p-bt/rpc/torrent_manager.go:487.67,492.2 3 1
github.com/go-i2p/go-i2p-bt/rpc/torrent_manager.go:495.82,500.53 3 1
github.com/go-i2p/go-i2p-bt/rpc/torrent_manager.go:500.53,502.3 1 1
github.com/go-i2p/go-i2p-bt/rpc/torrent_manager.go:504.2,508.12 2 1
github.com/go-i2p/go-i2p-bt/rpc/torrent_manager.go:514.63,518.29 2 1
github.com/go-i2p/go-i2p-bt/rpc/torrent_manager.go:518.29,523.26 3 0
github.com/go-i2p/go-i2p-bt/rpc/torrent_manager.go:523.26,525.4 1 0
github.com/go-i2p/go-i2p-bt/rpc/torrent_manager.go:525.9,527.4 1 0
github.com/go-i2p/go-i2p-bt/rpc/torrent_manager.go:529.3,529.9 1 0
github.com/go-i2p/go-i2p-bt/rpc/torrent_manager.go:533.2,537.34 3 1
github.com/go-i2p/go-i2p-bt/rpc/torrent_manager.go:537.34,539.3 1 1
github.com/go-i2p/go-i2p-bt/rpc/torrent_manager.go:542.2,542.25 1 1
github.com/go-i2p/go-i2p-bt/rpc/torrent_manager.go:542.25,544.3 1 0
github.com/go-i2p/go-i2p-bt/rpc/torrent_manager.go:548.66,552.66 2 0
github.com/go-i2p/go-i2p-bt/rpc/torrent_manager.go:552.66,553.23 1 0
github.com/go-i2p/go-i2p-bt/rpc/torrent_manager.go:553.23,556.4 2 0
github.com/go-i2p/go-i2p-bt/rpc/torrent_manager.go:558.3,558.21 1 0
github.com/go-i2p/go-i2p-bt/rpc/torrent_manager.go:558.21,561.4 2 0
github.com/go-i2p/go-i2p-bt/rpc/torrent_manager.go:563.3,563.28 1 0
github.com/go-i2p/go-i2p-bt/rpc/torrent_manager.go:563.28,567.31 2 0
github.com/go-i2p/go-i2p-bt/rpc/torrent_manager.go:567.31,568.39 1 0
github.com/go-i2p/go-i2p-bt/rpc/torrent_manager.go:568.39,569.44 1 0
github.com/go-i2p/go-i2p-bt/rpc/torrent_manager.go:569.44,571.7 1 0
github.com/go-i2p/go-i2p-bt/rpc/torrent_manager.go:573.10,576.5 1 0
github.com/go-i2p/go-i2p-bt/rpc/torrent_manager.go:577.9,579.4 1 0
github.com/go-i2p/go-i2p-bt/rpc/torrent_manager.go:584.97,589.2 2 0
github.com/go-i2p/go-i2p-bt/rpc/torrent_manager.go:592.69,597.49 2 1
github.com/go-i2p/go-i2p-bt/rpc/torrent_manager.go:597.49,602.3 1 1
github.com/go-i2p/go-i2p-bt/rpc/torrent_manager.go:606.95,612.29 4 0
github.com/go-i2p/go-i2p-bt/rpc/torrent_manager.go:612.29,619.3 2 0
github.com/go-i2p/go-i2p-bt/rpc/torrent_manager.go:622.2,623.41 2 0
github.com/go-i2p/go-i2p-bt/rpc/torrent_manager.go:623.41,626.3 2 0
github.com/go-i2p/go-i2p-bt/rpc/torrent_manager.go:628.2,628.35 1 0
github.com/go-i2p/go-i2p-bt/rpc/torrent_manager.go:628.35,630.26 2 0
github.com/go-i2p/go-i2p-bt/rpc/torrent_manager.go:630.26,632.4 1 0
github.com/go-i2p/go-i2p-bt/rpc/torrent_manager.go:635.2,636.52 1 0
github.com/go-i2p/go-i2p-bt/rpc/torrent_manager.go:640.56,641.6 1 1
github.com/go-i2p/go-i2p-bt/rpc/torrent_manager.go:641.6,642.10 1 1
github.com/go-i2p/go-i2p-bt/rpc/torrent_manager.go:643.24,644.10 1 1
github.com/go-i2p/go-i2p-bt/rpc/torrent_manager.go:645.47,646.41 1 0
github.com/go-i2p/go-i2p-bt/rpc/torrent_manager.go:652.89,658.32 4 0
github.com/go-i2p/go-i2p-bt/rpc/torrent_manager.go:658.32,659.38 1 0
github.com/go-i2p/go-i2p-bt/rpc/torrent_manager.go:659.38,661.9 2 0
github.com/go-i2p/go-i2p-bt/rpc/torrent_manager.go:665.2,665.20 1 0
github.com/go-i2p/go-i2p-bt/rpc/torrent_manager.go:665.20,668.3 2 0
github.com/go-i2p/go-i2p-bt/rpc/torrent_manager.go:671.2,672.85 2 0
github.com/go-i2p/go-i2p-bt/rpc/torrent_manager.go:672.85,675.3 2 0
github.com/go-i2p/go-i2p-bt/rpc/torrent_manager.go:678.2,678.65 1 0
github.com/go-i2p/go-i2p-bt/rpc/torrent_manager.go:678.65,681.3 2 0
github.com/go-i2p/go-i2p-bt/rpc/torrent_manager.go:683.2,687.16 3 0
github.com/go-i2p/go-i2p-bt/rpc/torrent_manager.go:687.16,690.3 2 0
github.com/go-i2p/go-i2p-bt/rpc/torrent_manager.go:692.2,696.34 4 0
github.com/go-i2p/go-i2p-bt/rpc/torrent_manager.go:696.34,706.3 3 0
github.com/go-i2p/go-i2p-bt/rpc/torrent_manager.go:709.2,714.29 3 0
github.com/go-i2p/go-i2p-bt/rpc/torrent_manager.go:718.48,722.6 3 1
github.com/go-i2p/go-i2p-bt/rpc/torrent_manager.go:722.6,723.10 1 1
github.com/go-i2p/go-i2p-bt/rpc/torrent_manager.go:724.24,725.10 1 1
github.com/go-i2p/go-i2p-bt/rpc/torrent_manager.go:726.19,727.20 1 0
github.com/go-i2p/go-i2p-bt/rpc/torrent_manager.go:733.41,739.38 4 0
github.com/go-i2p/go-i2p-bt/rpc/torrent_manager.go:739.38,741.3 1 0
github.com/go-i2p/go-i2p-bt/rpc/torrent_manager.go:746.89,748.39 1 1
github.com/go-i2p/go-i2p-bt/rpc/torrent_manager.go:748.39,750.20 2 1
github.com/go-i2p/go-i2p-bt/rpc/torrent_manager.go:750.20,756.4 4 1
github.com/go-i2p/go-i2p-bt/rpc/torrent_manager.go:760.2,765.29 4 1
github.com/go-i2p/go-i2p-bt/rpc/torrent_manager.go:765.29,767.17 2 0
github.com/go-i2p/go-i2p-bt/rpc/torrent_manager.go:767.17,769.21 2 0
github.com/go-i2p/go-i2p-bt/rpc/torrent_manager.go:769.21,771.34 2 0
github.com/go-i2p/go-i2p-bt/rpc/torrent_manager.go:771.34,773.6 1 0
github.com/go-i2p/go-i2p-bt/rpc/torrent_manager.go:774.5,775.25 2 0
github.com/go-i2p/go-i2p-bt/rpc/torrent_manager.go:775.25,777.6 1 0
github.com/go-i2p/go-i2p-bt/rpc/torrent_manager.go:781.4,783.66 3 0
github.com/go-i2p/go-i2p-bt/rpc/torrent_manager.go:788.2,794.62 5 1
github.com/go-i2p/go-i2p-bt/rpc/torrent_manager.go:798.75,799.29 1 0
github.com/go-i2p/go-i2p-bt/rpc/torrent_manager.go:799.29,801.3 1 0
github.com/go-i2p/go-i2p-bt/rpc/torrent_manager.go:803.2,804.16 2 0
github.com/go-i2p/go-i2p-bt/rpc/torrent_manager.go:804.16,806.3 1 0
github.com/go-i2p/go-i2p-bt/rpc/torrent_manager.go:808.2,808.27 1 0
github.com/go-i2p/go-i2p-bt/rpc/torrent_manager.go:813.81,814.57 1 1
github.com/go-i2p/go-i2p-bt/rpc/torrent_manager.go:814.57,816.3 1 1
github.com/go-i2p/go-i2p-bt/rpc/torrent_manager.go:818.2,819.16 2 0
github.com/go-i2p/go-i2p-bt/rpc/torrent_manager.go:819.16,821.3 1 0
github.com/go-i2p/go-i2p-bt/rpc/torrent_manager.go:824.2,825.58 2 0
github.com/go-i2p/go-i2p-bt/rpc/torrent_manager.go:830.81,831.56 1 1
github.com/go-i2p/go-i2p-bt/rpc/torrent_manager.go:831.56,833.3 1 1
github.com/go-i2p/go-i2p-bt/rpc/torrent_manager.go:835.2,836.16 2 0
github.com/go-i2p/go-i2p-bt/rpc/torrent_manager.go:836.16,838.3 1 0
github.com/go-i2p/go-i2p-bt/rpc/torrent_manager.go:841.2,842.27 2 0
github.com/go-i2p/go-i2p-bt/rpc/torrent_manager.go:842.27,845.3 1 0
github.com/go-i2p/go-i2p-bt/rpc/torrent_manager.go:847.2,847.10 1 0
github.com/go-i2p/go-i2p-bt/rpc/torrent_manager.go:852.69,854.23 1 1
github.com/go-i2p/go-i2p-bt/rpc/torrent_manager.go:854.23,856.3 1 1
github.com/go-i2p/go-i2p-bt/rpc/torrent_manager.go:859.2,859.31 1 1
github.com/go-i2p/go-i2p-bt/rpc/torrent_manager.go:859.31,861.3 1 1
github.com/go-i2p/go-i2p-bt/rpc/torrent_manager.go:864.2,864.44 1 1
github.com/go-i2p/go-i2p-bt/rpc/torrent_manager.go:868.76,872.2 1 1
github.com/go-i2p/go-i2p-bt/rpc/torrent_manager.go:875.74,876.77 1 1
github.com/go-i2p/go-i2p-bt/rpc/torrent_manager.go:876.77,878.3 1 1
github.com/go-i2p/go-i2p-bt/rpc/torrent_manager.go:881.2,882.19 2 0
github.com/go-i2p/go-i2p-bt/rpc/torrent_manager.go:882.19,885.3 1 0
github.com/go-i2p/go-i2p-bt/rpc/torrent_manager.go:887.2,887.10 1 0
github.com/go-i2p/go-i2p-bt/rpc/torrent_manager.go:891.76,892.71 1 1
github.com/go-i2p/go-i2p-bt/rpc/torrent_manager.go:892.71,894.3 1 1
github.com/go-i2p/go-i2p-bt/rpc/torrent_manager.go:897.2,898.19 2 0
github.com/go-i2p/go-i2p-bt/rpc/torrent_manager.go:898.19,901.3 1 0
github.com/go-i2p/go-i2p-bt/rpc/torrent_manager.go:903.2,903.10 1 0
github.com/go-i2p/go-i2p-bt/rpc/torrent_manager.go:909.81,910.19 1 1
github.com/go-i2p/go-i2p-bt/rpc/torrent_manager.go:910.19,916.31 4 1
github.com/go-i2p/go-i2p-bt/rpc/torrent_manager.go:916.31,918.4 1 1
github.com/go-i2p/go-i2p-bt/rpc/torrent_manager.go:919.3,919.21 1 1
github.com/go-i2p/go-i2p-bt/rpc/torrent_manager.go:922.2,924.25 2 1
github.com/go-i2p/go-i2p-bt/rpc/torrent_manager.go:924.25,925.25 1 1
github.com/go-i2p/go-i2p-bt/rpc/torrent_manager.go:926.16,928.37 1 0
github.com/go-i2p/go-i2p-bt/rpc/torrent_manager.go:929.14,930.30 1 1
github.com/go-i2p/go-i2p-bt/rpc/torrent_manager.go:931.12,932.37 1 1
github.com/go-i2p/go-i2p-bt/rpc/torrent_manager.go:933.15,934.30 1 1
github.com/go-i2p/go-i2p-bt/rpc/torrent_manager.go:934.30,938.5 2 0
github.com/go-i2p/go-i2p-bt/rpc/torrent_manager.go:938.10,941.19 2 1
github.com/go-i2p/go-i2p-bt/rpc/torrent_manager.go:941.19,943.6 1 1
github.com/go-i2p/go-i2p-bt/rpc/torrent_manager.go:944.5,944.40 1 0
github.com/go-i2p/go-i2p-bt/rpc/torrent_manager.go:946.11,947.61 1 0
github.com/go-i2p/go-i2p-bt/rpc/torrent_manager.go:951.2,951.20 1 1
github.com/go-i2p/go-i2p-bt/rpc/torrent_manager.go:955.63,962.38 5 0
github.com/go-i2p/go-i2p-bt/rpc/torrent_manager.go:962.38,965.91 1 0
github.com/go-i2p/go-i2p-bt/rpc/torrent_manager.go:965.91,967.4 1 0
github.com/go-i2p/go-i2p-bt/rpc/torrent_manager.go:967.9,967.76 1 0
github.com/go-i2p/go-i2p-bt/rpc/torrent_manager.go:967.76,969.4 1 0
github.com/go-i2p/go-i2p-bt/rpc/torrent_manager.go:972.2,972.15 1 0
github.com/go-i2p/go-i2p-bt/rpc/torrent_manager.go:978.57,983.13 4 1
github.com/go-i2p/go-i2p-bt/rpc/torrent_manager.go:983.13,985.3 1 1
github.com/go-i2p/go-i2p-bt/rpc/torrent_manager.go:987.2,987.29 1 1
github.com/go-i2p/go-i2p-bt/rpc/torrent_manager.go:987.29,989.3 1 0
github.com/go-i2p/go-i2p-bt/rpc/torrent_manager.go:991.2,995.12 4 1
github.com/go-i2p/go-i2p-bt/rpc/torrent_manager.go:999.69,1001.16 2 1
github.com/go-i2p/go-i2p-bt/rpc/torrent_manager.go:1001.16,1005.3 3 0
github.com/go-i2p/go-i2p-bt/rpc/torrent_manager.go:1007.2,1015.35 6 1
github.com/go-i2p/go-i2p-bt/rpc/torrent_manager.go:1015.35,1018.17 3 1
github.com/go-i2p/go-i2p-bt/rpc/torrent_manager.go:1018.17,1020.12 2 1
github.com/go-i2p/go-i2p-bt/rpc/torrent_manager.go:1023.3,1024.15 2 0
github.com/go-i2p/go-i2p-bt/rpc/torrent_manager.go:1024.15,1027.4 2 0
github.com/go-i2p/go-i2p-bt/rpc/torrent_manager.go:1031.2,1040.35 6 1
github.com/go-i2p/go-i2p-bt/rpc/torrent_manager.go:1040.35,1043.3 2 0
github.com/go-i2p/go-i2p-bt/rpc/torrent_manager.go:1043.8,1043.31 1 1
github.com/go-i2p/go-i2p-bt/rpc/torrent_manager.go:1043.31,1049.3 2 0
github.com/go-i2p/go-i2p-bt/rpc/torrent_manager.go:1049.8,1052.3 2 1
github.com/go-i2p/go-i2p-bt/rpc/torrent_manager.go:1056.98,1059.16 2 1
github.com/go-i2p/go-i2p-bt/rpc/torrent_manager.go:1059.16,1061.3 1 0
github.com/go-i2p/go-i2p-bt/rpc/torrent_manager.go:1064.2,1068.16 3 1
github.com/go-i2p/go-i2p-bt/rpc/torrent_manager.go:1068.16,1070.3 1 1
github.com/go-i2p/go-i2p-bt/rpc/torrent_manager.go:1073.2,1073.43 1 0
github.com/go-i2p/go-i2p-bt/rpc/torrent_manager.go:1073.43,1075.3 1 0
github.com/go-i2p/go-i2p-bt/rpc/torrent_manager.go:1078.2,1081.50 3 0
github.com/go-i2p/go-i2p-bt/rpc/torrent_manager.go:1085.126,1087.16 2 1
github.com/go-i2p/go-i2p-bt/rpc/torrent_manager.go:1087.16,1089.3 1 0
github.com/go-i2p/go-i2p-bt/rpc/torrent_manager.go:1091.2,1099.34 6 1
github.com/go-i2p/go-i2p-bt/rpc/torrent_manager.go:1099.34,1104.44 3 1
github.com/go-i2p/go-i2p-bt/rpc/torrent_manager.go:1104.44,1107.12 2 0
github.com/go-i2p/go-i2p-bt/rpc/torrent_manager.go:1110.3,1110.47 1 1
github.com/go-i2p/go-i2p-bt/rpc/torrent_manager.go:1110.47,1112.9 1 0
github.com/go-i2p/go-i2p-bt/rpc/torrent_manager.go:1116.3,1117.34 2 1
github.com/go-i2p/go-i2p-bt/rpc/torrent_manager.go:1117.34,1119.4 1 0
github.com/go-i2p/go-i2p-bt/rpc/torrent_manager.go:1121.3,1123.53 3 1
github.com/go-i2p/go-i2p-bt/rpc/torrent_manager.go:1123.53,1125.4 1 0
github.com/go-i2p/go-i2p-bt/rpc/torrent_manager.go:1128.3,1129.17 2 1
github.com/go-i2p/go-i2p-bt/rpc/torrent_manager.go:1129.17,1132.4 1 1
github.com/go-i2p/go-i2p-bt/rpc/torrent_manager.go:1135.3,1137.28 3 0
github.com/go-i2p/go-i2p-bt/rpc/torrent_manager.go:1140.2,1140.34 1 0
github.com/go-i2p/go-i2p-bt/rpc/torrent_manager.go:1144.98,1146.16 2 1
github.com/go-i2p/go-i2p-bt/rpc/torrent_manager.go:1146.16,1148.3 1 1
github.com/go-i2p/go-i2p-bt/rpc/torrent_manager.go:1149.2,1151.59 2 0
github.com/go-i2p/go-i2p-bt/rpc/torrent_manager.go:1151.59,1153.3 1 0
github.com/go-i2p/go-i2p-bt/rpc/torrent_manager.go:1155.2,1157.46 3 0
github.com/go-i2p/go-i2p-bt/rpc/torrent_manager.go:1157.46,1159.3 1 0
github.com/go-i2p/go-i2p-bt/rpc/torrent_manager.go:1161.2,1161.22 1 0
github.com/go-i2p/go-i2p-bt/rpc/torrent_manager.go:1165.113,1168.34 2 1
github.com/go-i2p/go-i2p-bt/rpc/torrent_manager.go:1168.34,1174.32 4 1
github.com/go-i2p/go-i2p-bt/rpc/torrent_manager.go:1174.32,1177.4 1 0
github.com/go-i2p/go-i2p-bt/rpc/torrent_manager.go:1177.9,1177.40 1 1
github.com/go-i2p/go-i2p-bt/rpc/torrent_manager.go:1177.40,1180.4 1 0
github.com/go-i2p/go-i2p-bt/rpc/torrent_manager.go:1184.3,1184.29 1 1
github.com/go-i2p/go-i2p-bt/rpc/torrent_manager.go:1184.29,1186.4 1 1
github.com/go-i2p/go-i2p-bt/rpc/torrent_manager.go:1188.3,1188.31 1 1
github.com/go-i2p/go-i2p-bt/rpc/types.go:53.35,55.2 1 0
github.com/go-i2p/go-i2p-bt/rpc/types.go:541.49,556.2 2 0
github.com/go-i2p/go-i2p-bt/rpc/types.go:558.52,569.51 3 0
github.com/go-i2p/go-i2p-bt/rpc/types.go:569.51,571.3 1 0
github.com/go-i2p/go-i2p-bt/rpc/types.go:572.2,576.12 5 0
